<?xml version="1.0" encoding="UTF-8"?>
<!-- Generated by org.testng.reporters.JUnitXMLReporter -->
<testsuite ignored="0" hostname="DESKTOP-5TMJUQI" failures="0" tests="5" name="Test" time="9.383" errors="0" timestamp="2022-09-29T13:23:40 IST">
  <testcase classname="com.simplilearn.testng.FirstDemo" name="Hello1" time="0.006"/>
  <testcase classname="com.simplilearn.testng.AssertionExample" name="TitleTest" time="1.226"/>
  <testcase classname="com.simplilearn.testng.GroupTest" name="launchChrome" time="4.659"/>
  <testcase classname="com.simplilearn.testng.GroupTest" name="loginWithChrome" time="0.161"/>
  <testcase classname="com.simplilearn.testng.FacebookLogin" name="facebook" time="1.118"/>
</testsuite> <!-- Test -->
