<?xml version="1.0" encoding="UTF-8"?>
<testng-results ignored="0" total="5" passed="5" failed="0" skipped="0">
  <reporter-output>
  </reporter-output>
  <suite started-at="2022-09-29T13:23:31 IST" name="Suite" finished-at="2022-09-29T13:23:40 IST" duration-ms="9383">
    <groups>
      <group name="Chrome">
        <method signature="GroupTest.launchChrome()[pri:0, instance:com.simplilearn.testng.GroupTest@55b699ef]" name="launchChrome" class="com.simplilearn.testng.GroupTest"/>
        <method signature="GroupTest.loginWithChrome()[pri:0, instance:com.simplilearn.testng.GroupTest@55b699ef]" name="loginWithChrome" class="com.simplilearn.testng.GroupTest"/>
      </group> <!-- Chrome -->
    </groups>
    <test started-at="2022-09-29T13:23:31 IST" name="Test" finished-at="2022-09-29T13:23:40 IST" duration-ms="9383">
      <class name="com.simplilearn.testng.AssertionExample">
        <test-method is-config="true" signature="beforeMethod()[pri:0, instance:com.simplilearn.testng.AssertionExample@49e53c76]" started-at="2022-09-29T13:23:31 IST" name="beforeMethod" finished-at="2022-09-29T13:23:32 IST" duration-ms="1518" status="PASS">
          <reporter-output>
          </reporter-output>
        </test-method> <!-- beforeMethod -->
        <test-method signature="TitleTest()[pri:0, instance:com.simplilearn.testng.AssertionExample@49e53c76]" started-at="2022-09-29T13:23:32 IST" name="TitleTest" finished-at="2022-09-29T13:23:34 IST" duration-ms="1226" status="PASS">
          <reporter-output>
          </reporter-output>
        </test-method> <!-- TitleTest -->
        <test-method is-config="true" signature="afterMethod()[pri:0, instance:com.simplilearn.testng.AssertionExample@49e53c76]" started-at="2022-09-29T13:23:34 IST" name="afterMethod" finished-at="2022-09-29T13:23:34 IST" duration-ms="0" status="PASS">
          <reporter-output>
          </reporter-output>
        </test-method> <!-- afterMethod -->
      </class> <!-- com.simplilearn.testng.AssertionExample -->
      <class name="com.simplilearn.testng.FirstDemo">
        <test-method is-config="true" signature="beforeSuite()[pri:0, instance:com.simplilearn.testng.FirstDemo@293a5bf6]" started-at="2022-09-29T13:23:31 IST" name="beforeSuite" finished-at="2022-09-29T13:23:31 IST" duration-ms="9" status="PASS">
          <reporter-output>
          </reporter-output>
        </test-method> <!-- beforeSuite -->
        <test-method is-config="true" signature="beforeTest()[pri:0, instance:com.simplilearn.testng.FirstDemo@293a5bf6]" started-at="2022-09-29T13:23:31 IST" name="beforeTest" finished-at="2022-09-29T13:23:31 IST" duration-ms="1" status="PASS">
          <reporter-output>
          </reporter-output>
        </test-method> <!-- beforeTest -->
        <test-method is-config="true" signature="beforeClass()[pri:0, instance:com.simplilearn.testng.FirstDemo@293a5bf6]" started-at="2022-09-29T13:23:31 IST" name="beforeClass" finished-at="2022-09-29T13:23:31 IST" duration-ms="0" status="PASS">
          <reporter-output>
          </reporter-output>
        </test-method> <!-- beforeClass -->
        <test-method is-config="true" signature="beforeMethod()[pri:0, instance:com.simplilearn.testng.FirstDemo@293a5bf6]" started-at="2022-09-29T13:23:31 IST" name="beforeMethod" finished-at="2022-09-29T13:23:31 IST" duration-ms="0" status="PASS">
          <reporter-output>
          </reporter-output>
        </test-method> <!-- beforeMethod -->
        <test-method signature="Hello1()[pri:0, instance:com.simplilearn.testng.FirstDemo@293a5bf6]" started-at="2022-09-29T13:23:31 IST" name="Hello1" finished-at="2022-09-29T13:23:31 IST" duration-ms="6" status="PASS">
          <reporter-output>
          </reporter-output>
        </test-method> <!-- Hello1 -->
        <test-method is-config="true" signature="afterMethod()[pri:0, instance:com.simplilearn.testng.FirstDemo@293a5bf6]" started-at="2022-09-29T13:23:31 IST" name="afterMethod" finished-at="2022-09-29T13:23:31 IST" duration-ms="1" status="PASS">
          <reporter-output>
          </reporter-output>
        </test-method> <!-- afterMethod -->
        <test-method is-config="true" signature="afterClass()[pri:0, instance:com.simplilearn.testng.FirstDemo@293a5bf6]" started-at="2022-09-29T13:23:31 IST" name="afterClass" finished-at="2022-09-29T13:23:31 IST" duration-ms="0" status="PASS">
          <reporter-output>
          </reporter-output>
        </test-method> <!-- afterClass -->
        <test-method is-config="true" signature="afterTest()[pri:0, instance:com.simplilearn.testng.FirstDemo@293a5bf6]" started-at="2022-09-29T13:23:40 IST" name="afterTest" finished-at="2022-09-29T13:23:40 IST" duration-ms="1" status="PASS">
          <reporter-output>
          </reporter-output>
        </test-method> <!-- afterTest -->
        <test-method is-config="true" signature="afterSuite()[pri:0, instance:com.simplilearn.testng.FirstDemo@293a5bf6]" started-at="2022-09-29T13:23:40 IST" name="afterSuite" finished-at="2022-09-29T13:23:40 IST" duration-ms="1" status="PASS">
          <reporter-output>
          </reporter-output>
        </test-method> <!-- afterSuite -->
      </class> <!-- com.simplilearn.testng.FirstDemo -->
      <class name="com.simplilearn.testng.GroupTest">
        <test-method signature="launchChrome()[pri:0, instance:com.simplilearn.testng.GroupTest@55b699ef]" started-at="2022-09-29T13:23:34 IST" name="launchChrome" finished-at="2022-09-29T13:23:38 IST" duration-ms="4659" status="PASS">
          <reporter-output>
          </reporter-output>
        </test-method> <!-- launchChrome -->
        <test-method signature="loginWithChrome()[pri:0, instance:com.simplilearn.testng.GroupTest@55b699ef]" started-at="2022-09-29T13:23:38 IST" name="loginWithChrome" finished-at="2022-09-29T13:23:38 IST" depends-on-methods="com.simplilearn.testng.GroupTest.launchChrome" duration-ms="161" status="PASS">
          <reporter-output>
          </reporter-output>
        </test-method> <!-- loginWithChrome -->
      </class> <!-- com.simplilearn.testng.GroupTest -->
      <class name="com.simplilearn.testng.FacebookLogin">
        <test-method is-config="true" signature="beforeMethod()[pri:0, instance:com.simplilearn.testng.FacebookLogin@35d019a3]" started-at="2022-09-29T13:23:38 IST" name="beforeMethod" finished-at="2022-09-29T13:23:39 IST" duration-ms="641" status="PASS">
          <reporter-output>
          </reporter-output>
        </test-method> <!-- beforeMethod -->
        <test-method signature="facebook()[pri:0, instance:com.simplilearn.testng.FacebookLogin@35d019a3]" started-at="2022-09-29T13:23:39 IST" name="facebook" finished-at="2022-09-29T13:23:40 IST" duration-ms="1118" status="PASS">
          <reporter-output>
          </reporter-output>
        </test-method> <!-- facebook -->
        <test-method is-config="true" signature="afterMethod()[pri:0, instance:com.simplilearn.testng.FacebookLogin@35d019a3]" started-at="2022-09-29T13:23:40 IST" name="afterMethod" finished-at="2022-09-29T13:23:40 IST" duration-ms="1" status="PASS">
          <reporter-output>
          </reporter-output>
        </test-method> <!-- afterMethod -->
      </class> <!-- com.simplilearn.testng.FacebookLogin -->
    </test> <!-- Test -->
  </suite> <!-- Suite -->
</testng-results>
